<?xml version="1.0" encoding="UTF-8"?>
<testsuite xmlns:xsi="http://www.w3.org/2001/XMLSchema-instance" xsi:noNamespaceSchemaLocation="https://maven.apache.org/surefire/maven-surefire-plugin/xsd/surefire-test-report.xsd" name="com.unicauca.proyectosofv1.servicios.impl.ServicioRegistroImplTest" time="0.088" tests="1" errors="1" skipped="0" failures="0">
  <properties>
[...]
</properties>
  <testcase name="testRegistrar" classname="com.unicauca.proyectosofv1.servicios.impl.ServicioRegistroImplTest" time="0.06">
    <error message="Cannot invoke &quot;com.unicauca.proyectosofv1.servicios.impl.ServicioRegistroImpl.registrar(String, String, String, String, String, String, String)&quot; because &quot;instance&quot; is null" type="java.lang.NullPointerException">java.lang.NullPointerException: Cannot invoke "com.unicauca.proyectosofv1.servicios.impl.ServicioRegistroImpl.registrar(String, String, String, String, String, String, String)" because "instance" is null
	at com.unicauca.proyectosofv1.servicios.impl.ServicioRegistroImplTest.testRegistrar(ServicioRegistroImplTest.java:52)
</error>
    <system-out><![CDATA[registrar
]]></system-out>
  </testcase>
</testsuite>